android/app/build/intermediates/manifest_merge_blame_file/release/manifest-merger-blame-release-report.txt
1<?xml version="1.0" encoding="utf-8"?>
2<manifest xmlns:android="http://schemas.android.com/apk/res/android"
3    package="com.opentiq.fekra"
4    android:versionCode="4"
5    android:versionName="2.0.0" >
6
7    <uses-sdk
8        android:minSdkVersion="21"
8-->src/main/AndroidManifest.xml
9        android:targetSdkVersion="29" />
9-->src/main/AndroidManifest.xml
10
11    <permission
11-->src/main/AndroidManifest.xml:7:3-9:42
12        android:name="com.opentiq.fekra.permission.C2D_MESSAGE"
12-->src/main/AndroidManifest.xml:8:5-60
13        android:protectionLevel="signature" />
13-->src/main/AndroidManifest.xml:9:5-40
14
15    <!-- These are required permissions to make the app run -->
16    <uses-permission android:name="com.opentiq.fekra.permission.C2D_MESSAGE" />
16-->src/main/AndroidManifest.xml:12:3-78
16-->src/main/AndroidManifest.xml:12:20-75
17    <uses-permission android:name="com.google.android.c2dm.permission.RECEIVE" />
17-->src/main/AndroidManifest.xml:13:3-80
17-->src/main/AndroidManifest.xml:13:20-77
18    <uses-permission android:name="android.permission.ACCESS_NETWORK_STATE" />
18-->src/main/AndroidManifest.xml:14:3-77
18-->src/main/AndroidManifest.xml:14:20-74
19    <uses-permission android:name="android.permission.INTERNET" />
19-->src/main/AndroidManifest.xml:15:3-65
19-->src/main/AndroidManifest.xml:15:20-62
20    <uses-permission android:name="android.permission.SYSTEM_ALERT_WINDOW" />
20-->src/main/AndroidManifest.xml:16:3-76
20-->src/main/AndroidManifest.xml:16:20-73
21    <uses-permission android:name="android.permission.WAKE_LOCK" />
21-->src/main/AndroidManifest.xml:17:3-66
21-->src/main/AndroidManifest.xml:17:20-63
22
23    <!-- ADD PERMISSIONS HERE -->
24    <!-- BEGIN OPTIONAL PERMISSIONS -->
25    <uses-permission android:name="android.permission.MANAGE_DOCUMENTS" />
25-->src/main/AndroidManifest.xml:21:3-73
25-->src/main/AndroidManifest.xml:21:20-70
26    <uses-permission android:name="android.permission.READ_INTERNAL_STORAGE" />
26-->src/main/AndroidManifest.xml:22:3-78
26-->src/main/AndroidManifest.xml:22:20-75
27    <uses-permission android:name="android.permission.READ_PHONE_STATE" />
27-->src/main/AndroidManifest.xml:23:3-73
27-->src/main/AndroidManifest.xml:23:20-70
28    <uses-permission android:name="android.permission.USE_FINGERPRINT" />
28-->src/main/AndroidManifest.xml:24:3-72
28-->src/main/AndroidManifest.xml:24:20-69
29    <uses-permission android:name="android.permission.VIBRATE" />
29-->src/main/AndroidManifest.xml:25:3-64
29-->src/main/AndroidManifest.xml:25:20-61
30    <uses-permission android:name="com.android.launcher.permission.INSTALL_SHORTCUT" />
30-->src/main/AndroidManifest.xml:26:3-86
30-->src/main/AndroidManifest.xml:26:20-83
31    <uses-permission android:name="android.permission.MODIFY_AUDIO_SETTINGS" />
31-->src/main/AndroidManifest.xml:27:3-78
31-->src/main/AndroidManifest.xml:27:20-75
32
33    <!-- These require runtime permissions on M -->
34    <uses-permission android:name="android.permission.ACCESS_COARSE_LOCATION" />
34-->src/main/AndroidManifest.xml:30:3-79
34-->src/main/AndroidManifest.xml:30:20-76
35    <uses-permission android:name="android.permission.ACCESS_FINE_LOCATION" />
35-->src/main/AndroidManifest.xml:31:3-77
35-->src/main/AndroidManifest.xml:31:20-74
36    <uses-permission android:name="android.permission.CAMERA" />
36-->src/main/AndroidManifest.xml:32:3-63
36-->src/main/AndroidManifest.xml:32:20-60
37    <uses-permission android:name="android.permission.READ_CONTACTS" />
37-->src/main/AndroidManifest.xml:33:3-70
37-->src/main/AndroidManifest.xml:33:20-67
38    <uses-permission android:name="android.permission.READ_CALENDAR" />
38-->src/main/AndroidManifest.xml:34:3-70
38-->src/main/AndroidManifest.xml:34:20-67
39    <uses-permission android:name="android.permission.WRITE_CALENDAR" />
39-->src/main/AndroidManifest.xml:35:3-71
39-->src/main/AndroidManifest.xml:35:20-68
40    <uses-permission android:name="android.permission.READ_EXTERNAL_STORAGE" />
40-->src/main/AndroidManifest.xml:36:3-78
40-->src/main/AndroidManifest.xml:36:20-75
41    <uses-permission android:name="android.permission.RECORD_AUDIO" />
41-->src/main/AndroidManifest.xml:37:3-69
41-->src/main/AndroidManifest.xml:37:20-66
42    <uses-permission android:name="android.permission.WRITE_EXTERNAL_STORAGE" />
42-->src/main/AndroidManifest.xml:38:3-79
42-->src/main/AndroidManifest.xml:38:20-76
43    <uses-permission android:name="android.permission.WRITE_SETTINGS" />
43-->src/main/AndroidManifest.xml:39:3-71
43-->src/main/AndroidManifest.xml:39:20-68
44    <!-- END OPTIONAL PERMISSIONS -->
45
46
47    <!-- ADD TEST PERMISSIONS HERE -->
48
49    <uses-feature
49-->src/main/AndroidManifest.xml:44:3-77
50        android:glEsVersion="0x00020000"
50-->src/main/AndroidManifest.xml:44:17-49
51        android:required="true" />
51-->src/main/AndroidManifest.xml:44:50-74
52    <uses-feature
52-->src/main/AndroidManifest.xml:45:3-85
53        android:name="android.software.leanback"
53-->src/main/AndroidManifest.xml:45:17-57
54        android:required="false" />
54-->src/main/AndroidManifest.xml:45:58-82
55    <uses-feature
55-->src/main/AndroidManifest.xml:46:3-88
56        android:name="android.hardware.touchscreen"
56-->src/main/AndroidManifest.xml:46:17-60
57        android:required="false" />
57-->src/main/AndroidManifest.xml:46:61-85
58
59    <!-- WHEN_VERSIONING_REMOVE_FROM_HERE -->
60    <supports-screens
60-->[host.exp.exponent:expoview:36.0.0] AndroidManifest.xml:13:5-19:24
61        android:anyDensity="true"
61-->[host.exp.exponent:expoview:36.0.0] AndroidManifest.xml:14:9-34
62        android:largeScreens="true"
62-->[host.exp.exponent:expoview:36.0.0] AndroidManifest.xml:15:9-36
63        android:normalScreens="true"
63-->[host.exp.exponent:expoview:36.0.0] AndroidManifest.xml:16:9-37
64        android:smallScreens="true"
64-->[host.exp.exponent:expoview:36.0.0] AndroidManifest.xml:17:9-36
65        android:xlargeScreens="true" >
65-->[host.exp.exponent:expoview:36.0.0] AndroidManifest.xml:18:9-37
66    </supports-screens>
67
68    <uses-permission android:name="host.exp.exponent.permission.C2D_MESSAGE" /> <!-- Used by react-native-netinfo module -->
68-->[host.exp.exponent:expoview:36.0.0] AndroidManifest.xml:26:5-80
68-->[host.exp.exponent:expoview:36.0.0] AndroidManifest.xml:26:22-77
69    <uses-permission android:name="android.permission.ACCESS_WIFI_STATE" />
69-->[host.exp.exponent:expoview:36.0.0] AndroidManifest.xml:34:5-76
69-->[host.exp.exponent:expoview:36.0.0] AndroidManifest.xml:34:22-73
70
71    <uses-feature
71-->[host.exp.exponent:expoview:36.0.0] AndroidManifest.xml:47:5-49:36
72        android:name="android.hardware.camera"
72-->[host.exp.exponent:expoview:36.0.0] AndroidManifest.xml:48:9-47
73        android:required="false" />
73-->[host.exp.exponent:expoview:36.0.0] AndroidManifest.xml:49:9-33
74    <uses-feature
74-->[host.exp.exponent:expoview:36.0.0] AndroidManifest.xml:50:5-52:36
75        android:name="android.hardware.camera.autofocus"
75-->[host.exp.exponent:expoview:36.0.0] AndroidManifest.xml:51:9-57
76        android:required="false" />
76-->[host.exp.exponent:expoview:36.0.0] AndroidManifest.xml:52:9-33
77    <uses-feature
77-->[host.exp.exponent:expoview:36.0.0] AndroidManifest.xml:53:5-55:36
78        android:name="android.hardware.location"
78-->[host.exp.exponent:expoview:36.0.0] AndroidManifest.xml:54:9-49
79        android:required="false" />
79-->[host.exp.exponent:expoview:36.0.0] AndroidManifest.xml:55:9-33
80    <uses-feature
80-->[host.exp.exponent:expoview:36.0.0] AndroidManifest.xml:56:5-58:36
81        android:name="android.hardware.location.gps"
81-->[host.exp.exponent:expoview:36.0.0] AndroidManifest.xml:57:9-53
82        android:required="false" />
82-->[host.exp.exponent:expoview:36.0.0] AndroidManifest.xml:58:9-33
83    <uses-feature
83-->[host.exp.exponent:expoview:36.0.0] AndroidManifest.xml:59:5-61:36
84        android:name="android.hardware.location.network"
84-->[host.exp.exponent:expoview:36.0.0] AndroidManifest.xml:60:9-57
85        android:required="false" />
85-->[host.exp.exponent:expoview:36.0.0] AndroidManifest.xml:61:9-33
86    <uses-feature
86-->[host.exp.exponent:expoview:36.0.0] AndroidManifest.xml:62:5-64:36
87        android:name="android.hardware.wifi"
87-->[host.exp.exponent:expoview:36.0.0] AndroidManifest.xml:63:9-45
88        android:required="false" />
88-->[host.exp.exponent:expoview:36.0.0] AndroidManifest.xml:64:9-33
89    <uses-feature
89-->[host.exp.exponent:expoview:36.0.0] AndroidManifest.xml:65:5-67:36
90        android:name="android.hardware.microphone"
90-->[host.exp.exponent:expoview:36.0.0] AndroidManifest.xml:66:9-51
91        android:required="false" />
91-->[host.exp.exponent:expoview:36.0.0] AndroidManifest.xml:67:9-33
92    <uses-feature
92-->[host.exp.exponent:expoview:36.0.0] AndroidManifest.xml:68:5-70:36
93        android:name="android.hardware.telephony"
93-->[host.exp.exponent:expoview:36.0.0] AndroidManifest.xml:69:9-50
94        android:required="false" />
94-->[host.exp.exponent:expoview:36.0.0] AndroidManifest.xml:70:9-33
95    <uses-feature
95-->[host.exp.exponent:expoview:36.0.0] AndroidManifest.xml:71:5-73:36
96        android:name="android.hardware.bluetooth"
96-->[host.exp.exponent:expoview:36.0.0] AndroidManifest.xml:72:9-50
97        android:required="false" />
97-->[host.exp.exponent:expoview:36.0.0] AndroidManifest.xml:73:9-33
98
99    <uses-permission android:name="android.permission.STORAGE" />
99-->[:expo-file-system] AndroidManifest.xml:15:5-66
99-->[:expo-file-system] AndroidManifest.xml:15:22-63
100    <uses-permission android:name="android.permission.FOREGROUND_SERVICE" />
100-->[:expo-location] AndroidManifest.xml:13:5-77
100-->[:expo-location] AndroidManifest.xml:13:22-74
101    <!--
102 Use to restore notifications the user hasn't interacted with.
103         They could be missed notifications if the user reboots their device if this isn't in place.
104    -->
105    <uses-permission android:name="android.permission.RECEIVE_BOOT_COMPLETED" /> <!-- START: ShortcutBadger -->
105-->[com.onesignal:OneSignal:3.13.0] AndroidManifest.xml:29:5-81
105-->[com.onesignal:OneSignal:3.13.0] AndroidManifest.xml:29:22-78
106    <!-- Samsung -->
107    <uses-permission android:name="com.sec.android.provider.badge.permission.READ" />
107-->[com.onesignal:OneSignal:3.13.0] AndroidManifest.xml:31:5-86
107-->[com.onesignal:OneSignal:3.13.0] AndroidManifest.xml:31:22-83
108    <uses-permission android:name="com.sec.android.provider.badge.permission.WRITE" /> <!-- HTC -->
108-->[com.onesignal:OneSignal:3.13.0] AndroidManifest.xml:32:5-87
108-->[com.onesignal:OneSignal:3.13.0] AndroidManifest.xml:32:22-84
109    <uses-permission android:name="com.htc.launcher.permission.READ_SETTINGS" />
109-->[com.onesignal:OneSignal:3.13.0] AndroidManifest.xml:33:5-81
109-->[com.onesignal:OneSignal:3.13.0] AndroidManifest.xml:33:22-78
110    <uses-permission android:name="com.htc.launcher.permission.UPDATE_SHORTCUT" /> <!-- Sony -->
110-->[com.onesignal:OneSignal:3.13.0] AndroidManifest.xml:34:5-83
110-->[com.onesignal:OneSignal:3.13.0] AndroidManifest.xml:34:22-80
111    <uses-permission android:name="com.sonyericsson.home.permission.BROADCAST_BADGE" />
111-->[com.onesignal:OneSignal:3.13.0] AndroidManifest.xml:35:5-88
111-->[com.onesignal:OneSignal:3.13.0] AndroidManifest.xml:35:22-85
112    <uses-permission android:name="com.sonymobile.home.permission.PROVIDER_INSERT_BADGE" /> <!-- Apex -->
112-->[com.onesignal:OneSignal:3.13.0] AndroidManifest.xml:36:5-92
112-->[com.onesignal:OneSignal:3.13.0] AndroidManifest.xml:36:22-89
113    <uses-permission android:name="com.anddoes.launcher.permission.UPDATE_COUNT" /> <!-- Solid -->
113-->[com.onesignal:OneSignal:3.13.0] AndroidManifest.xml:37:5-84
113-->[com.onesignal:OneSignal:3.13.0] AndroidManifest.xml:37:22-81
114    <uses-permission android:name="com.majeur.launcher.permission.UPDATE_BADGE" /> <!-- Huawei -->
114-->[com.onesignal:OneSignal:3.13.0] AndroidManifest.xml:38:5-83
114-->[com.onesignal:OneSignal:3.13.0] AndroidManifest.xml:38:22-80
115    <uses-permission android:name="com.huawei.android.launcher.permission.CHANGE_BADGE" />
115-->[com.onesignal:OneSignal:3.13.0] AndroidManifest.xml:39:5-91
115-->[com.onesignal:OneSignal:3.13.0] AndroidManifest.xml:39:22-88
116    <uses-permission android:name="com.huawei.android.launcher.permission.READ_SETTINGS" />
116-->[com.onesignal:OneSignal:3.13.0] AndroidManifest.xml:40:5-92
116-->[com.onesignal:OneSignal:3.13.0] AndroidManifest.xml:40:22-89
117    <uses-permission android:name="com.huawei.android.launcher.permission.WRITE_SETTINGS" /> <!-- ZUK -->
117-->[com.onesignal:OneSignal:3.13.0] AndroidManifest.xml:41:5-93
117-->[com.onesignal:OneSignal:3.13.0] AndroidManifest.xml:41:22-90
118    <uses-permission android:name="android.permission.READ_APP_BADGE" /> <!-- OPPO -->
118-->[com.onesignal:OneSignal:3.13.0] AndroidManifest.xml:42:5-73
118-->[com.onesignal:OneSignal:3.13.0] AndroidManifest.xml:42:22-70
119    <uses-permission android:name="com.oppo.launcher.permission.READ_SETTINGS" />
119-->[com.onesignal:OneSignal:3.13.0] AndroidManifest.xml:43:5-82
119-->[com.onesignal:OneSignal:3.13.0] AndroidManifest.xml:43:22-79
120    <uses-permission android:name="com.oppo.launcher.permission.WRITE_SETTINGS" /> <!-- EvMe -->
120-->[com.onesignal:OneSignal:3.13.0] AndroidManifest.xml:44:5-83
120-->[com.onesignal:OneSignal:3.13.0] AndroidManifest.xml:44:22-80
121    <uses-permission android:name="me.everything.badger.permission.BADGE_COUNT_READ" />
121-->[com.onesignal:OneSignal:3.13.0] AndroidManifest.xml:45:5-88
121-->[com.onesignal:OneSignal:3.13.0] AndroidManifest.xml:45:22-85
122    <uses-permission android:name="me.everything.badger.permission.BADGE_COUNT_WRITE" />
122-->[com.onesignal:OneSignal:3.13.0] AndroidManifest.xml:46:5-89
122-->[com.onesignal:OneSignal:3.13.0] AndroidManifest.xml:46:22-86
123    <uses-permission android:name="com.google.android.providers.gsf.permission.READ_GSERVICES" />
123-->[io.nlopez.smartlocation:library:3.2.11] AndroidManifest.xml:15:5-98
123-->[io.nlopez.smartlocation:library:3.2.11] AndroidManifest.xml:15:22-95
124    <uses-permission android:name="com.google.android.gms.permission.ACTIVITY_RECOGNITION" />
124-->[io.nlopez.smartlocation:library:3.2.11] AndroidManifest.xml:16:5-94
124-->[io.nlopez.smartlocation:library:3.2.11] AndroidManifest.xml:16:22-91
125    <uses-permission android:name="com.google.android.finsky.permission.BIND_GET_INSTALL_REFERRER_SERVICE" />
125-->[com.google.android.gms:play-services-measurement:16.5.0] AndroidManifest.xml:26:5-110
125-->[com.google.android.gms:play-services-measurement:16.5.0] AndroidManifest.xml:26:22-107
126
127    <application
127-->src/main/AndroidManifest.xml:48:3-360:17
128        android:name="host.exp.exponent.MainApplication"
128-->src/main/AndroidManifest.xml:49:5-36
129        android:allowBackup="true"
129-->src/main/AndroidManifest.xml:50:5-31
130        android:appComponentFactory="androidx.core.app.CoreComponentFactory"
130-->[androidx.core:core:1.1.0] AndroidManifest.xml:24:18-86
131        android:icon="@mipmap/ic_launcher"
131-->src/main/AndroidManifest.xml:51:5-39
132        android:label="@string/app_name"
132-->src/main/AndroidManifest.xml:52:5-37
133        android:largeHeap="true"
133-->src/main/AndroidManifest.xml:53:5-29
134        android:supportsRtl="true"
134-->[com.facebook.android:facebook-android-sdk:5.0.1] AndroidManifest.xml:28:18-44
135        android:usesCleartextTraffic="true" >
135-->src/main/AndroidManifest.xml:54:5-40
136        <activity
136-->src/main/AndroidManifest.xml:56:5-61:16
137            android:name="host.exp.exponent.LauncherActivity"
137-->src/main/AndroidManifest.xml:57:7-39
138            android:exported="true"
138-->src/main/AndroidManifest.xml:58:7-30
139            android:launchMode="singleTask"
139-->src/main/AndroidManifest.xml:59:7-38
140            android:theme="@android:style/Theme.Translucent.NoTitleBar" >
140-->src/main/AndroidManifest.xml:60:7-66
141        </activity>
142        <activity
142-->src/main/AndroidManifest.xml:63:5-68:16
143            android:name="host.exp.exponent.experience.ExperienceActivity"
143-->src/main/AndroidManifest.xml:64:7-52
144            android:configChanges="keyboard|keyboardHidden|orientation|screenSize"
144-->src/main/AndroidManifest.xml:65:7-77
145            android:theme="@style/Theme.Exponent.Light"
145-->src/main/AndroidManifest.xml:66:7-50
146            android:windowSoftInputMode="adjustResize" >
146-->src/main/AndroidManifest.xml:67:7-49
147        </activity>
148        <activity
148-->src/main/AndroidManifest.xml:70:5-90:16
149            android:name="host.exp.exponent.MainActivity"
149-->src/main/AndroidManifest.xml:71:7-35
150            android:configChanges="keyboard|keyboardHidden|orientation|screenSize"
150-->src/main/AndroidManifest.xml:73:7-77
151            android:launchMode="singleTask"
151-->src/main/AndroidManifest.xml:72:7-38
152            android:theme="@style/Theme.Exponent.Splash"
152-->src/main/AndroidManifest.xml:74:7-51
153            android:windowSoftInputMode="adjustResize" >
153-->src/main/AndroidManifest.xml:75:7-49
154            <intent-filter>
154-->src/main/AndroidManifest.xml:76:7-83:23
155                <data android:scheme="fekra" />
155-->src/main/AndroidManifest.xml:77:9-39
155-->src/main/AndroidManifest.xml:77:15-37
156
157                <action android:name="android.intent.action.VIEW" />
157-->src/main/AndroidManifest.xml:79:9-60
157-->src/main/AndroidManifest.xml:79:17-58
158
159                <category android:name="android.intent.category.DEFAULT" />
159-->src/main/AndroidManifest.xml:81:9-67
159-->src/main/AndroidManifest.xml:81:19-65
160                <category android:name="android.intent.category.BROWSABLE" />
160-->src/main/AndroidManifest.xml:82:9-69
160-->src/main/AndroidManifest.xml:82:19-67
161            </intent-filter>
162            <intent-filter>
162-->src/main/AndroidManifest.xml:84:7-88:23
163                <action android:name="android.intent.action.MAIN" />
163-->src/main/AndroidManifest.xml:85:9-60
163-->src/main/AndroidManifest.xml:85:17-58
164
165                <category android:name="android.intent.category.LAUNCHER" />
165-->src/main/AndroidManifest.xml:87:9-68
165-->src/main/AndroidManifest.xml:87:19-66
166            </intent-filter>
167            <!-- ADD DETACH APP SPECIFIC INTENT FILTERS -->
168        </activity>
169        <activity
169-->src/main/AndroidManifest.xml:92:5-98:16
170            android:name="host.exp.exponent.experience.HomeActivity"
170-->src/main/AndroidManifest.xml:93:7-46
171            android:label="@string/app_name"
171-->src/main/AndroidManifest.xml:94:7-39
172            android:launchMode="singleTask"
172-->src/main/AndroidManifest.xml:95:7-38
173            android:screenOrientation="portrait"
173-->src/main/AndroidManifest.xml:96:7-43
174            android:theme="@style/Theme.Exponent.Light" >
174-->src/main/AndroidManifest.xml:97:7-50
175        </activity>
176        <activity
176-->src/main/AndroidManifest.xml:100:5-109:15
177            android:name="host.exp.exponent.experience.TvActivity"
177-->src/main/AndroidManifest.xml:101:7-44
178            android:label="@string/app_name"
178-->src/main/AndroidManifest.xml:102:7-39
179            android:screenOrientation="landscape"
179-->src/main/AndroidManifest.xml:104:7-44
180            android:theme="@style/Theme.Exponent.Light" >
180-->src/main/AndroidManifest.xml:103:7-50
181            <intent-filter>
181-->src/main/AndroidManifest.xml:105:6-108:22
182                <action android:name="android.intent.action.MAIN" />
182-->src/main/AndroidManifest.xml:85:9-60
182-->src/main/AndroidManifest.xml:85:17-58
183
184                <category android:name="android.intent.category.LEANBACK_LAUNCHER" />
184-->src/main/AndroidManifest.xml:107:8-77
184-->src/main/AndroidManifest.xml:107:18-74
185            </intent-filter>
186        </activity>
187        <activity android:name="com.facebook.react.devsupport.DevSettingsActivity" />
187-->src/main/AndroidManifest.xml:113:5-81
187-->src/main/AndroidManifest.xml:113:15-79
188        <!-- WHEN_PREPARING_SHELL_REMOVE_FROM_HERE -->
189        <!-- ADD DEV SETTINGS HERE -->
190        <!-- BEGIN_SDK_36 -->
191        <activity android:name="abi36_0_0.com.facebook.react.devsupport.DevSettingsActivity" />
191-->src/main/AndroidManifest.xml:117:5-91
191-->src/main/AndroidManifest.xml:117:15-89
192        <!-- END_SDK_36 -->
193        <!-- BEGIN_SDK_35 -->
194        <activity android:name="abi35_0_0.com.facebook.react.devsupport.DevSettingsActivity" />
194-->src/main/AndroidManifest.xml:120:5-91
194-->src/main/AndroidManifest.xml:120:15-89
195        <!-- END_SDK_35 -->
196        <!-- BEGIN_SDK_34 -->
197        <activity android:name="abi34_0_0.com.facebook.react.devsupport.DevSettingsActivity" />
197-->src/main/AndroidManifest.xml:123:5-91
197-->src/main/AndroidManifest.xml:123:15-89
198        <!-- END_SDK_34 -->
199        <!-- BEGIN_SDK_33 -->
200        <activity android:name="abi33_0_0.com.facebook.react.devsupport.DevSettingsActivity" />
200-->src/main/AndroidManifest.xml:126:5-91
200-->src/main/AndroidManifest.xml:126:15-89
201        <!-- END_SDK_33 -->
202        <!-- WHEN_PREPARING_SHELL_REMOVE_TO_HERE -->
203
204        <activity android:name="net.openid.appauth.RedirectUriReceiverActivity" >
204-->src/main/AndroidManifest.xml:130:5-139:16
204-->src/main/AndroidManifest.xml:131:9-70
205            <intent-filter>
205-->src/main/AndroidManifest.xml:133:7-138:23
206                <action android:name="android.intent.action.VIEW" />
206-->src/main/AndroidManifest.xml:79:9-60
206-->src/main/AndroidManifest.xml:79:17-58
207
208                <category android:name="android.intent.category.DEFAULT" />
208-->src/main/AndroidManifest.xml:81:9-67
208-->src/main/AndroidManifest.xml:81:19-65
209                <category android:name="android.intent.category.BROWSABLE" />
209-->src/main/AndroidManifest.xml:82:9-69
209-->src/main/AndroidManifest.xml:82:19-67
210
211                <data
211-->src/main/AndroidManifest.xml:77:9-39
212                    android:path="oauthredirect"
212-->src/main/AndroidManifest.xml:137:50-78
213                    android:scheme="com.opentiq.fekra" />
213-->src/main/AndroidManifest.xml:77:15-37
214            </intent-filter>
215        </activity>
216
217        <!-- START OF STRIPE SCHEMES -->
218        <activity
218-->src/main/AndroidManifest.xml:142:5-153:16
219            android:name="expo.modules.payments.stripe.RedirectUriReceiver"
219-->src/main/AndroidManifest.xml:145:9-72
220            android:exported="true"
220-->src/main/AndroidManifest.xml:143:9-32
221            android:launchMode="singleTask"
221-->src/main/AndroidManifest.xml:144:9-40
222            android:theme="@android:style/Theme.Translucent.NoTitleBar.Fullscreen" >
222-->src/main/AndroidManifest.xml:146:9-79
223            <intent-filter>
223-->src/main/AndroidManifest.xml:147:9-152:25
224                <action android:name="android.intent.action.VIEW" />
224-->src/main/AndroidManifest.xml:79:9-60
224-->src/main/AndroidManifest.xml:79:17-58
225
226                <category android:name="android.intent.category.DEFAULT" />
226-->src/main/AndroidManifest.xml:81:9-67
226-->src/main/AndroidManifest.xml:81:19-65
227                <category android:name="android.intent.category.BROWSABLE" />
227-->src/main/AndroidManifest.xml:82:9-69
227-->src/main/AndroidManifest.xml:82:19-67
228
229                <data android:scheme="expo.modules.payments.stripe.8a4356ed-d6ae-4038-a55f-51e6c5404356" />
229-->src/main/AndroidManifest.xml:77:9-39
229-->src/main/AndroidManifest.xml:77:15-37
230            </intent-filter>
231        </activity>
232        <!-- Versioned Activity for Stripe -->
233        <!-- BEGIN_SDK_36 -->
234        <activity
234-->src/main/AndroidManifest.xml:156:5-167:16
235            android:name="abi36_0_0.expo.modules.payments.stripe.RedirectUriReceiver"
235-->src/main/AndroidManifest.xml:159:7-80
236            android:exported="true"
236-->src/main/AndroidManifest.xml:157:7-30
237            android:launchMode="singleTask"
237-->src/main/AndroidManifest.xml:158:7-38
238            android:theme="@android:style/Theme.Translucent.NoTitleBar.Fullscreen" >
238-->src/main/AndroidManifest.xml:160:7-77
239            <intent-filter>
239-->src/main/AndroidManifest.xml:161:7-166:23
240                <action android:name="android.intent.action.VIEW" />
240-->src/main/AndroidManifest.xml:79:9-60
240-->src/main/AndroidManifest.xml:79:17-58
241
242                <category android:name="android.intent.category.DEFAULT" />
242-->src/main/AndroidManifest.xml:81:9-67
242-->src/main/AndroidManifest.xml:81:19-65
243                <category android:name="android.intent.category.BROWSABLE" />
243-->src/main/AndroidManifest.xml:82:9-69
243-->src/main/AndroidManifest.xml:82:19-67
244
245                <data android:scheme="abi36_0_0.expo.modules.payments.stripe" />
245-->src/main/AndroidManifest.xml:77:9-39
245-->src/main/AndroidManifest.xml:77:15-37
246            </intent-filter>
247        </activity>
248        <!-- END_SDK_36 -->
249        <!-- BEGIN_SDK_35 -->
250        <activity
250-->src/main/AndroidManifest.xml:170:3-181:14
251            android:name="abi35_0_0.expo.modules.payments.stripe.RedirectUriReceiver"
251-->src/main/AndroidManifest.xml:173:4-77
252            android:exported="true"
252-->src/main/AndroidManifest.xml:171:4-27
253            android:launchMode="singleTask"
253-->src/main/AndroidManifest.xml:172:4-35
254            android:theme="@android:style/Theme.Translucent.NoTitleBar.Fullscreen" >
254-->src/main/AndroidManifest.xml:174:4-74
255            <intent-filter>
255-->src/main/AndroidManifest.xml:175:4-180:20
256                <action android:name="android.intent.action.VIEW" />
256-->src/main/AndroidManifest.xml:79:9-60
256-->src/main/AndroidManifest.xml:79:17-58
257
258                <category android:name="android.intent.category.DEFAULT" />
258-->src/main/AndroidManifest.xml:81:9-67
258-->src/main/AndroidManifest.xml:81:19-65
259                <category android:name="android.intent.category.BROWSABLE" />
259-->src/main/AndroidManifest.xml:82:9-69
259-->src/main/AndroidManifest.xml:82:19-67
260
261                <data android:scheme="abi35_0_0.expo.modules.payments.stripe" />
261-->src/main/AndroidManifest.xml:77:9-39
261-->src/main/AndroidManifest.xml:77:15-37
262            </intent-filter>
263        </activity>
264        <!-- END_SDK_35 -->
265        <!-- BEGIN_SDK_34 -->
266        <activity
266-->src/main/AndroidManifest.xml:184:5-195:16
267            android:name="abi34_0_0.expo.modules.payments.stripe.RedirectUriReceiver"
267-->src/main/AndroidManifest.xml:187:7-80
268            android:exported="true"
268-->src/main/AndroidManifest.xml:185:7-30
269            android:launchMode="singleTask"
269-->src/main/AndroidManifest.xml:186:7-38
270            android:theme="@android:style/Theme.Translucent.NoTitleBar.Fullscreen" >
270-->src/main/AndroidManifest.xml:188:7-77
271            <intent-filter>
271-->src/main/AndroidManifest.xml:189:7-194:23
272                <action android:name="android.intent.action.VIEW" />
272-->src/main/AndroidManifest.xml:79:9-60
272-->src/main/AndroidManifest.xml:79:17-58
273
274                <category android:name="android.intent.category.DEFAULT" />
274-->src/main/AndroidManifest.xml:81:9-67
274-->src/main/AndroidManifest.xml:81:19-65
275                <category android:name="android.intent.category.BROWSABLE" />
275-->src/main/AndroidManifest.xml:82:9-69
275-->src/main/AndroidManifest.xml:82:19-67
276
277                <data android:scheme="abi34_0_0.expo.modules.payments.stripe" />
277-->src/main/AndroidManifest.xml:77:9-39
277-->src/main/AndroidManifest.xml:77:15-37
278            </intent-filter>
279        </activity>
280        <!-- END_SDK_34 -->
281        <!-- BEGIN_SDK_33 -->
282        <activity
282-->src/main/AndroidManifest.xml:198:5-209:16
283            android:name="abi33_0_0.expo.modules.payments.stripe.RedirectUriReceiver"
283-->src/main/AndroidManifest.xml:201:7-80
284            android:exported="true"
284-->src/main/AndroidManifest.xml:199:7-30
285            android:launchMode="singleTask"
285-->src/main/AndroidManifest.xml:200:7-38
286            android:theme="@android:style/Theme.Translucent.NoTitleBar.Fullscreen" >
286-->src/main/AndroidManifest.xml:202:7-77
287            <intent-filter>
287-->src/main/AndroidManifest.xml:203:7-208:23
288                <action android:name="android.intent.action.VIEW" />
288-->src/main/AndroidManifest.xml:79:9-60
288-->src/main/AndroidManifest.xml:79:17-58
289
290                <category android:name="android.intent.category.DEFAULT" />
290-->src/main/AndroidManifest.xml:81:9-67
290-->src/main/AndroidManifest.xml:81:19-65
291                <category android:name="android.intent.category.BROWSABLE" />
291-->src/main/AndroidManifest.xml:82:9-69
291-->src/main/AndroidManifest.xml:82:19-67
292
293                <data android:scheme="abi33_0_0.expo.modules.payments.stripe" />
293-->src/main/AndroidManifest.xml:77:9-39
293-->src/main/AndroidManifest.xml:77:15-37
294            </intent-filter>
295        </activity>
296        <!-- END_SDK_33 -->
297        <!-- END OF STRIPE SCHEMES -->
298
299        <activity
299-->src/main/AndroidManifest.xml:213:5-217:16
300            android:name="host.exp.exponent.experience.ErrorActivity"
300-->src/main/AndroidManifest.xml:214:7-47
301            android:screenOrientation="portrait"
301-->src/main/AndroidManifest.xml:216:7-43
302            android:theme="@style/Theme.Exponent.Dark" >
302-->src/main/AndroidManifest.xml:215:7-49
303        </activity>
304        <activity
304-->src/main/AndroidManifest.xml:219:5-223:16